[06:28:42] Auto batch size: 112 (from profiler, <=75% VRAM)
[06:28:42] Local subset exists: data/subset_10k_local
[06:28:42] Ch10 pipeline starting (mode=FULL)
[06:28:42] Config: configs/pretrain/vitg16_indian.yaml
[06:28:42] Master log: logs/ch10_FULL_20260329_062842.log

[06:28:42] === PRE-FLIGHT ===
GPU:        NVIDIA RTX PRO 6000 Blackwell Workstation Edition
VRAM:       102 GB
PyTorch:    2.12.0.dev20260228+cu128
vjepa2:     deps/vjepa2/ present
Flash-Attn: 2.8.3
FAISS GPUs: 1
Config:     configs/pretrain/vitg16_indian.yaml
Baseline:   Prec@K=36.1% (Ch9 frozen)

Pre-flight: ALL PASSED
[06:28:44] Pre-flight complete. Starting pipeline...


[06:28:44] ╔═══════════════════════════════════════════════════════════╗
[06:28:44] ║  ABLATION: lambda=0 (lambda0)                    
[06:28:44] ╚═══════════════════════════════════════════════════════════╝

═══════════════════════════════════════════════════════════════
  STEP lambda0-train: m09 pretrain (lambda=0)
  Mode: FULL | Est: ~5-20h (2000-10000 steps, profiler BS)
  Started: 2026-03-29 06:28:44
═══════════════════════════════════════════════════════════════
[06:28:44] CMD: python -u src/m09_pretrain.py --config configs/pretrain/vitg16_indian.yaml --lambda-reg 0 --batch-size 112 --FULL --subset data/subset_10k.json --local-data data/subset_10k_local
Using PyAV for video decoding
GPU: NVIDIA RTX PRO 6000 Blackwell Workstation Edition
CUDA version: 12.8
Student encoder already exists: /workspace/factorjepa/outputs/poc/m09_lambda0/student_encoder.pt
Delete to re-train, or use for evaluation.
[06:28:49] PASSED: m09 pretrain (lambda=0) (0m 5s)
  OK   student_encoder.pt             4049 MB
  OK   training_summary.json          jepa_loss=1.5531
  OK   loss_log.csv                   80 steps
[06:28:49] VERIFY OK: Training lambda=0
[06:28:49] Completed training: lambda=0 (lambda0)

[06:28:49] ╔═══════════════════════════════════════════════════════════╗
[06:28:49] ║  ABLATION: lambda=0.001 (lambda0_001)                    
[06:28:49] ╚═══════════════════════════════════════════════════════════╝

═══════════════════════════════════════════════════════════════
  STEP lambda0_001-train: m09 pretrain (lambda=0.001)
  Mode: FULL | Est: ~5-20h (2000-10000 steps, profiler BS)
  Started: 2026-03-29 06:28:49
═══════════════════════════════════════════════════════════════
[06:28:49] CMD: python -u src/m09_pretrain.py --config configs/pretrain/vitg16_indian.yaml --lambda-reg 0.001 --batch-size 112 --FULL --subset data/subset_10k.json --local-data data/subset_10k_local
Using PyAV for video decoding
GPU: NVIDIA RTX PRO 6000 Blackwell Workstation Edition
CUDA version: 12.8
Student encoder already exists: /workspace/factorjepa/outputs/poc/m09_lambda0_001/student_encoder.pt
Delete to re-train, or use for evaluation.
[06:28:54] PASSED: m09 pretrain (lambda=0.001) (0m 5s)
  OK   student_encoder.pt             4049 MB
  OK   training_summary.json          jepa_loss=1.5306
  OK   loss_log.csv                   80 steps
[06:28:54] VERIFY OK: Training lambda=0.001
[06:28:54] Completed training: lambda=0.001 (lambda0_001)

[06:28:54] ╔═══════════════════════════════════════════════════════════╗
[06:28:54] ║  ABLATION: lambda=0.01 (lambda0_01)                    
[06:28:54] ╚═══════════════════════════════════════════════════════════╝

═══════════════════════════════════════════════════════════════
  STEP lambda0_01-train: m09 pretrain (lambda=0.01)
  Mode: FULL | Est: ~5-20h (2000-10000 steps, profiler BS)
  Started: 2026-03-29 06:28:54
═══════════════════════════════════════════════════════════════
[06:28:54] CMD: python -u src/m09_pretrain.py --config configs/pretrain/vitg16_indian.yaml --lambda-reg 0.01 --batch-size 112 --FULL --subset data/subset_10k.json --local-data data/subset_10k_local
Using PyAV for video decoding
GPU: NVIDIA RTX PRO 6000 Blackwell Workstation Edition
CUDA version: 12.8
Student encoder already exists: /workspace/factorjepa/outputs/poc/m09_lambda0_01/student_encoder.pt
Delete to re-train, or use for evaluation.
[06:28:58] PASSED: m09 pretrain (lambda=0.01) (0m 4s)
  OK   student_encoder.pt             4049 MB
  OK   training_summary.json          jepa_loss=1.5483
  OK   loss_log.csv                   80 steps
[06:28:58] VERIFY OK: Training lambda=0.01
[06:28:58] Completed training: lambda=0.01 (lambda0_01)

[06:28:58] ╔═══════════════════════════════════════════════════════════╗
[06:28:58] ║  ABLATION: lambda=0.1 (lambda0_1)                    
[06:28:58] ╚═══════════════════════════════════════════════════════════╝

═══════════════════════════════════════════════════════════════
  STEP lambda0_1-train: m09 pretrain (lambda=0.1)
  Mode: FULL | Est: ~5-20h (2000-10000 steps, profiler BS)
  Started: 2026-03-29 06:28:58
═══════════════════════════════════════════════════════════════
[06:28:58] CMD: python -u src/m09_pretrain.py --config configs/pretrain/vitg16_indian.yaml --lambda-reg 0.1 --batch-size 112 --FULL --subset data/subset_10k.json --local-data data/subset_10k_local
Using PyAV for video decoding
GPU: NVIDIA RTX PRO 6000 Blackwell Workstation Edition
CUDA version: 12.8

=== Building Model ===
/workspace/factorjepa/venv_walkindia/lib/python3.12/site-packages/timm/models/layers/__init__.py:49: FutureWarning: Importing from timm.models.layers is deprecated, please import via timm.layers
  warnings.warn(f"Importing from {__name__} is deprecated, please import via timm.layers", FutureWarning)
Downloading pretrained weights via torch.hub...
Student loaded: 1,012,173,952 params (484/484 keys = 100%)
Teacher created (deepcopy of student)
Predictor loaded from checkpoint (152/152 keys = 100%)
Predictor: 22,378,240 params
Mask generators: 2 (blocks: [8, 2])
[POC] Loaded subset: 10,000 clip keys from subset_10k.json
Train clips: 8,982 | Val clips: 1,018
Epochs: 1 | Steps/epoch: 80 | Total steps: 80
Checkpoint every 8 steps (10x per epoch, keep last 2)
Traceback (most recent call last):
  File "/workspace/factorjepa/src/m09_pretrain.py", line 964, in <module>
    main()
  File "/workspace/factorjepa/src/m09_pretrain.py", line 960, in main
    train(cfg, args)
  File "/workspace/factorjepa/src/m09_pretrain.py", line 731, in train
    lam_val = drift_cfg["lambda_reg"]
              ^^^^^^^^^
UnboundLocalError: cannot access local variable 'drift_cfg' where it is not associated with a value
[06:29:25] FAILED: m09 pretrain (lambda=0.1) (0m 26s) — exit code 1
[06:29:25] FATAL: m09 lambda=0.1 failed. Stopping pipeline.
