[22:10:03] Local subset exists: data/subset_10k_local
[22:10:03] Ch10 pipeline starting (mode=SANITY)
[22:10:03] Config: configs/pretrain/vitg16_indian.yaml
[22:10:03] Master log: logs/ch10_SANITY_20260328_221003.log

[22:10:03] === PRE-FLIGHT ===
GPU:        NVIDIA RTX PRO 6000 Blackwell Workstation Edition
VRAM:       102 GB
PyTorch:    2.12.0.dev20260228+cu128
vjepa2:     deps/vjepa2/ present
Flash-Attn: 2.8.3
FAISS GPUs: 1
Config:     configs/pretrain/vitg16_indian.yaml
Baseline:   Prec@K=0.0% (Ch9 frozen)

Pre-flight: ALL PASSED
[22:10:05] Pre-flight complete. Starting pipeline...


[22:10:05] ╔═══════════════════════════════════════════════════════════╗
[22:10:05] ║  ABLATION: lambda=0 (lambda0)                    
[22:10:05] ╚═══════════════════════════════════════════════════════════╝

═══════════════════════════════════════════════════════════════
  STEP lambda0-train: m09 pretrain (lambda=0)
  Mode: SANITY | Est: ~5 min (50 steps, batch_size=2)
  Started: 2026-03-28 22:10:05
═══════════════════════════════════════════════════════════════
[22:10:05] CMD: python -u src/m09_pretrain.py --config configs/pretrain/vitg16_indian.yaml --lambda-reg 0 --SANITY --local-data data/subset_10k_local --no-wandb
Using PyAV for video decoding
GPU: NVIDIA RTX PRO 6000 Blackwell Workstation Edition
CUDA version: 12.8

=== Building Model ===
Traceback (most recent call last):
  File "/workspace/factorjepa/src/m09_pretrain.py", line 851, in <module>
    main()
  File "/workspace/factorjepa/src/m09_pretrain.py", line 847, in main
    train(cfg, args)
  File "/workspace/factorjepa/src/m09_pretrain.py", line 602, in train
    models = build_model(cfg, device)
             ^^^^^^^^^^^^^^^^^^^^^^^^
  File "/workspace/factorjepa/src/m09_pretrain.py", line 250, in build_model
    from models.vision_transformer import vit_giant_xformers
ModuleNotFoundError: No module named 'models'
[22:10:11] FAILED: m09 pretrain (lambda=0) (0m 6s) — exit code 0
[22:10:11] FAILED: m09 lambda=0. Skipping to next lambda.

[22:10:11] ╔═══════════════════════════════════════════════════════════╗
[22:10:11] ║  ABLATION: lambda=0.001 (lambda0_001)                    
[22:10:11] ╚═══════════════════════════════════════════════════════════╝

═══════════════════════════════════════════════════════════════
  STEP lambda0_001-train: m09 pretrain (lambda=0.001)
  Mode: SANITY | Est: ~5 min (50 steps, batch_size=2)
  Started: 2026-03-28 22:10:11
═══════════════════════════════════════════════════════════════
[22:10:11] CMD: python -u src/m09_pretrain.py --config configs/pretrain/vitg16_indian.yaml --lambda-reg 0.001 --SANITY --local-data data/subset_10k_local --no-wandb
Using PyAV for video decoding
GPU: NVIDIA RTX PRO 6000 Blackwell Workstation Edition
CUDA version: 12.8

=== Building Model ===
Traceback (most recent call last):
  File "/workspace/factorjepa/src/m09_pretrain.py", line 851, in <module>
    main()
  File "/workspace/factorjepa/src/m09_pretrain.py", line 847, in main
    train(cfg, args)
  File "/workspace/factorjepa/src/m09_pretrain.py", line 602, in train
    models = build_model(cfg, device)
             ^^^^^^^^^^^^^^^^^^^^^^^^
  File "/workspace/factorjepa/src/m09_pretrain.py", line 250, in build_model
    from models.vision_transformer import vit_giant_xformers
ModuleNotFoundError: No module named 'models'
[22:10:16] FAILED: m09 pretrain (lambda=0.001) (0m 5s) — exit code 0
[22:10:16] FAILED: m09 lambda=0.001. Skipping to next lambda.

[22:10:16] ╔═══════════════════════════════════════════════════════════╗
[22:10:16] ║  ABLATION: lambda=0.01 (lambda0_01)                    
[22:10:16] ╚═══════════════════════════════════════════════════════════╝

═══════════════════════════════════════════════════════════════
  STEP lambda0_01-train: m09 pretrain (lambda=0.01)
  Mode: SANITY | Est: ~5 min (50 steps, batch_size=2)
  Started: 2026-03-28 22:10:16
═══════════════════════════════════════════════════════════════
[22:10:16] CMD: python -u src/m09_pretrain.py --config configs/pretrain/vitg16_indian.yaml --lambda-reg 0.01 --SANITY --local-data data/subset_10k_local --no-wandb
Using PyAV for video decoding
GPU: NVIDIA RTX PRO 6000 Blackwell Workstation Edition
CUDA version: 12.8

=== Building Model ===
Traceback (most recent call last):
  File "/workspace/factorjepa/src/m09_pretrain.py", line 851, in <module>
    main()
  File "/workspace/factorjepa/src/m09_pretrain.py", line 847, in main
    train(cfg, args)
  File "/workspace/factorjepa/src/m09_pretrain.py", line 602, in train
    models = build_model(cfg, device)
             ^^^^^^^^^^^^^^^^^^^^^^^^
  File "/workspace/factorjepa/src/m09_pretrain.py", line 250, in build_model
    from models.vision_transformer import vit_giant_xformers
ModuleNotFoundError: No module named 'models'
[22:10:21] FAILED: m09 pretrain (lambda=0.01) (0m 5s) — exit code 0
[22:10:21] FAILED: m09 lambda=0.01. Skipping to next lambda.

[22:10:21] ╔═══════════════════════════════════════════════════════════╗
[22:10:21] ║  ABLATION: lambda=0.1 (lambda0_1)                    
[22:10:21] ╚═══════════════════════════════════════════════════════════╝

═══════════════════════════════════════════════════════════════
  STEP lambda0_1-train: m09 pretrain (lambda=0.1)
  Mode: SANITY | Est: ~5 min (50 steps, batch_size=2)
  Started: 2026-03-28 22:10:21
═══════════════════════════════════════════════════════════════
[22:10:21] CMD: python -u src/m09_pretrain.py --config configs/pretrain/vitg16_indian.yaml --lambda-reg 0.1 --SANITY --local-data data/subset_10k_local --no-wandb
Using PyAV for video decoding
GPU: NVIDIA RTX PRO 6000 Blackwell Workstation Edition
CUDA version: 12.8

=== Building Model ===
Traceback (most recent call last):
  File "/workspace/factorjepa/src/m09_pretrain.py", line 851, in <module>
    main()
  File "/workspace/factorjepa/src/m09_pretrain.py", line 847, in main
    train(cfg, args)
  File "/workspace/factorjepa/src/m09_pretrain.py", line 602, in train
    models = build_model(cfg, device)
             ^^^^^^^^^^^^^^^^^^^^^^^^
  File "/workspace/factorjepa/src/m09_pretrain.py", line 250, in build_model
    from models.vision_transformer import vit_giant_xformers
ModuleNotFoundError: No module named 'models'
[22:10:26] FAILED: m09 pretrain (lambda=0.1) (0m 5s) — exit code 0
[22:10:26] FAILED: m09 lambda=0.1. Skipping to next lambda.

[22:10:26] === FINAL VERIFICATION: Ch10 Ablation Outputs ===
=== TRAINING CHECKPOINTS ===
  MISS lambda=0      final ckpt
  MISS lambda=0      student enc
  MISS lambda=0.001  final ckpt
  MISS lambda=0.001  student enc
  MISS lambda=0.01   final ckpt
  MISS lambda=0.01   student enc
  MISS lambda=0.1    final ckpt
  MISS lambda=0.1    student enc

=== FROZEN vs ALL LAMBDAS ===
      lambda   Prec@K  Cycle@K    mAP@K  Delta P
  --------------------------------------------------
      frozen     0.0%   100.0%   0.0000        —
           0 MISSING
       0.001 MISSING
        0.01 MISSING
         0.1 MISSING

=== TOTAL: 0 OK, 12 MISSING ===

═══════════════════════════════════════════════════════════════
  Ch10 PIPELINE COMPLETE
═══════════════════════════════════════════════════════════════
  Mode:       SANITY
  Config:     configs/pretrain/vitg16_indian.yaml
  Total:      0h 0m 23s
  Steps:      0 passed, 4 failed, 4 total
  Outputs:    outputs/sanity/
  Master log: logs/ch10_SANITY_20260328_221003.log
═══════════════════════════════════════════════════════════════

  WARNING: 4 step(s) failed. Check individual logs above.
  Training has checkpoints — safe to RE-RUN (auto-resume).
