GPU: NVIDIA RTX PRO 6000 Blackwell Workstation Edition
CUDA version: 12.8
[output_guard] m06 vjepa_shuffled: attempting HF download for 2 missing file(s)...
Downloading anonymousML123/factorjepa-outputs//workspace/factorjepa/outputs/sanity/ → /workspace/factorjepa/outputs/sanity
Download complete: 0s
[output_guard] m06 vjepa_shuffled: 2 file(s) still missing after HF download
[output_guard] m06 vjepa_shuffled: outputs missing or invalid — will re-compute
  MISS  metrics: m06_metrics_vjepa_shuffled.json
  MISS  knn_indices: knn_indices_vjepa_shuffled.npy
Encoder:     vjepa_shuffled (dim=1408, type=video_shuffled)
Output dir:  /workspace/factorjepa/outputs/sanity
Embeddings:  /workspace/factorjepa/outputs/sanity/embeddings_vjepa_shuffled.npy
Metrics:     /workspace/factorjepa/outputs/sanity/m06_metrics_vjepa_shuffled.json
Loaded embeddings: (64, 1408)
Loaded tags: 64
Loaded clip paths: 64
WARNING: Tags lack _clip_key field — cannot verify alignment. Results may be wrong if tags and embeddings are from different runs.
SANITY MODE: 64 clips
Building FAISS GPU index: 64 vectors, dim=1408
FAISS GPU index built: 64 vectors

Searching 30 neighbors (k=6, extra for Hard mode)...

==================================================
EASY MODE (k=6)
==================================================
  Cycle@K:     81.25%
  Overlap@K:   SKIPPED (< 100 clips)
  Silhouette:  -0.2069 (scene_type)
  Prec@K:      46.88%
  mAP@K:       0.4299
  nDCG@K:      0.9677
  Computing per-key breakdowns for 13 fields...
  Silhouette per-key: pedestrian_vehicle_separation=0.0560, infrastructure_quality=0.0210, time_of_day=0.0000 ...
  Prec@K per-key: time_of_day=100.00%, lighting=100.00%, traffic_density=94.01% ...
  mAP@K per-key: time_of_day=1.0000, lighting=1.0000, traffic_density=0.9171 ...
  Cycle@K per-key: computed for 13 fields
  Macro avg:   22.66%
  Micro avg:   46.87%
  Bootstrap 95% CI (BCa, 10K iterations)...
  Prec@K:  46.88% ± 9.11
  mAP@K:   0.4299 ± 0.0938
  Cycle@K: 0.81% ± 0.09
  nDCG@K:  0.9677 ± 0.0073
  [0.3s]
Hard mode exclusion: 24 clips affected (avg 1.2 excluded neighbors)

==================================================
HARD MODE (k=6)
==================================================
  Cycle@K:     81.25%
  Overlap@K:   SKIPPED (< 100 clips)
  Silhouette:  -0.2069 (scene_type)
  Prec@K:      44.27%
  mAP@K:       0.4025
  nDCG@K:      0.9684
  Computing per-key breakdowns for 13 fields...
  Silhouette per-key: pedestrian_vehicle_separation=0.0560, infrastructure_quality=0.0210, time_of_day=0.0000 ...
  Prec@K per-key: time_of_day=100.00%, lighting=100.00%, traffic_density=94.01% ...
  mAP@K per-key: time_of_day=1.0000, lighting=1.0000, traffic_density=0.9171 ...
  Cycle@K per-key: computed for 13 fields
  Macro avg:   21.60%
  Micro avg:   44.27%
  Bootstrap 95% CI (BCa, 10K iterations)...
  Prec@K:  44.27% ± 9.03
  mAP@K:   0.4025 ± 0.0925
  Cycle@K: 0.81% ± 0.09
  nDCG@K:  0.9684 ± 0.0068
  [0.0s]

Confidence sweep: 7 thresholds

Saved: /workspace/factorjepa/outputs/sanity/m06_metrics_vjepa_shuffled.json
Saved: /workspace/factorjepa/outputs/sanity/knn_indices_vjepa_shuffled.npy ((64, 7))
Saved: /workspace/factorjepa/outputs/sanity/m06_distance_hist.png
Saved: /workspace/factorjepa/outputs/sanity/m06_confidence_sweep.png
Saved: /workspace/factorjepa/outputs/sanity/m06_purity_all_keys.png
Saved: /workspace/factorjepa/outputs/sanity/m06_silhouette_per_key.png
Saved: /workspace/factorjepa/outputs/sanity/m06_map_per_key.png
Saved: /workspace/factorjepa/outputs/sanity/m06_cycle_per_key.png
Saved: /workspace/factorjepa/outputs/sanity/m06_map_per_value.png
Saved: /workspace/factorjepa/outputs/sanity/m06_metrics_by_key.png
Saved: /workspace/factorjepa/outputs/sanity/m06_radar.png

============================================================
                     EVALUATION SUMMARY                     
============================================================
Metric                     Easy       Hard
------------------------------------------
  Cycle At K              81.25      81.25
  Overlap At K              N/A        N/A
  Silhouette            -0.2069    -0.2069
  Prec At K               46.88      44.27
  Map At K               0.4299     0.4025
  Ndcg At K              0.9677     0.9684

  Macro Prec@K:  Easy=22.66%  Hard=21.60%
  Micro Prec@K:  Easy=46.87%  Hard=44.27%
