GPU: NVIDIA RTX PRO 6000 Blackwell Workstation Edition
CUDA version: 12.8
[output_guard] m06 dinov2: attempting HF download for 2 missing file(s)...
Downloading anonymousML123/factorjepa-outputs//workspace/factorjepa/outputs/sanity/ → /workspace/factorjepa/outputs/sanity
Download complete: 0s
[output_guard] m06 dinov2: 2 file(s) still missing after HF download
[output_guard] m06 dinov2: outputs missing or invalid — will re-compute
  MISS  metrics: m06_metrics_dinov2.json
  MISS  knn_indices: knn_indices_dinov2.npy
Encoder:     dinov2 (dim=1536, type=image)
Output dir:  /workspace/factorjepa/outputs/sanity
Embeddings:  /workspace/factorjepa/outputs/sanity/embeddings_dinov2.npy
Metrics:     /workspace/factorjepa/outputs/sanity/m06_metrics_dinov2.json
Loaded embeddings: (64, 1536)
Loaded tags: 64
Loaded clip paths: 64
WARNING: Tags lack _clip_key field — cannot verify alignment. Results may be wrong if tags and embeddings are from different runs.
SANITY MODE: 64 clips
Building FAISS GPU index: 64 vectors, dim=1536
FAISS GPU index built: 64 vectors

Searching 30 neighbors (k=6, extra for Hard mode)...

==================================================
EASY MODE (k=6)
==================================================
  Cycle@K:     71.88%
  Overlap@K:   SKIPPED (< 100 clips)
  Silhouette:  -0.3042 (scene_type)
  Prec@K:      25.52%
  mAP@K:       0.1622
  nDCG@K:      0.9422
  Computing per-key breakdowns for 13 fields...
  Silhouette per-key: crowd_density=0.1379, traffic_density=0.1307, pedestrian_vehicle_separation=0.0209 ...
  Prec@K per-key: time_of_day=100.00%, lighting=100.00%, traffic_density=93.75% ...
  mAP@K per-key: time_of_day=1.0000, lighting=1.0000, traffic_density=0.9151 ...
  Cycle@K per-key: computed for 13 fields
  Macro avg:   11.09%
  Micro avg:   25.52%
  Bootstrap 95% CI (BCa, 10K iterations)...
  Prec@K:  25.52% ± 5.47
  mAP@K:   0.1622 ± 0.0421
  Cycle@K: 0.72% ± 0.11
  nDCG@K:  0.9422 ± 0.0112
  [0.3s]
Hard mode exclusion: 15 clips affected (avg 1.3 excluded neighbors)

==================================================
HARD MODE (k=6)
==================================================
  Cycle@K:     70.31%
  Overlap@K:   SKIPPED (< 100 clips)
  Silhouette:  -0.3042 (scene_type)
  Prec@K:      25.00%
  mAP@K:       0.1510
  nDCG@K:      0.9406
  Computing per-key breakdowns for 13 fields...
  Silhouette per-key: crowd_density=0.1379, traffic_density=0.1307, pedestrian_vehicle_separation=0.0209 ...
  Prec@K per-key: time_of_day=100.00%, lighting=100.00%, traffic_density=94.53% ...
  mAP@K per-key: time_of_day=1.0000, lighting=1.0000, traffic_density=0.9281 ...
  Cycle@K per-key: computed for 13 fields
  Macro avg:   9.32%
  Micro avg:   25.00%
  Bootstrap 95% CI (BCa, 10K iterations)...
  Prec@K:  25.00% ± 5.60
  mAP@K:   0.1510 ± 0.0423
  Cycle@K: 0.70% ± 0.12
  nDCG@K:  0.9406 ± 0.0128
  [0.0s]

Confidence sweep: 7 thresholds

Saved: /workspace/factorjepa/outputs/sanity/m06_metrics_dinov2.json
Saved: /workspace/factorjepa/outputs/sanity/knn_indices_dinov2.npy ((64, 7))
Saved: /workspace/factorjepa/outputs/sanity/m06_distance_hist.png
Saved: /workspace/factorjepa/outputs/sanity/m06_confidence_sweep.png
Saved: /workspace/factorjepa/outputs/sanity/m06_purity_all_keys.png
Saved: /workspace/factorjepa/outputs/sanity/m06_silhouette_per_key.png
Saved: /workspace/factorjepa/outputs/sanity/m06_map_per_key.png
Saved: /workspace/factorjepa/outputs/sanity/m06_cycle_per_key.png
Saved: /workspace/factorjepa/outputs/sanity/m06_map_per_value.png
Saved: /workspace/factorjepa/outputs/sanity/m06_metrics_by_key.png
Saved: /workspace/factorjepa/outputs/sanity/m06_radar.png

============================================================
                     EVALUATION SUMMARY                     
============================================================
Metric                     Easy       Hard
------------------------------------------
  Cycle At K              71.88      70.31
  Overlap At K              N/A        N/A
  Silhouette            -0.3042    -0.3042
  Prec At K               25.52      25.00
  Map At K               0.1622     0.1510
  Ndcg At K              0.9422     0.9406

  Macro Prec@K:  Easy=11.09%  Hard=9.32%
  Micro Prec@K:  Easy=25.52%  Hard=25.00%
