GPU: NVIDIA RTX PRO 6000 Blackwell Workstation Edition
CUDA version: 12.8
[output_guard] m06 random: outputs missing or invalid — will re-compute
  MISS  metrics: m06_metrics_random.json
  MISS  knn_indices: knn_indices_random.npy
Encoder:     random (dim=1408, type=synthetic)
Output dir:  /workspace/factorjepa/outputs/sanity
Embeddings:  /workspace/factorjepa/outputs/sanity/embeddings_random.npy
Metrics:     /workspace/factorjepa/outputs/sanity/m06_metrics_random.json
Loaded embeddings: (50, 1408)
Loaded tags: 50
Loaded clip paths: 50
Key alignment verified: 50 clips match
SANITY MODE: 50 clips
Building FAISS GPU index: 50 vectors, dim=1408
FAISS GPU index built: 50 vectors

Searching 30 neighbors (k=6, extra for Hard mode)...

==================================================
EASY MODE (k=6)
==================================================
  Cycle@K:     98.00%
  Overlap@K:   SKIPPED (< 100 clips)
  Silhouette:  -0.0218 (scene_type)
  Prec@K:      24.00%
  mAP@K:       0.1556
  nDCG@K:      0.9576
  Computing per-key breakdowns for 13 fields...
  Silhouette per-key: traffic_mix=0.0026, pedestrian_vehicle_separation=0.0021, road_encroachment=0.0021 ...
  Prec@K per-key: time_of_day=100.00%, crowd_density=100.00%, traffic_density=100.00% ...
  mAP@K per-key: time_of_day=1.0000, crowd_density=1.0000, traffic_density=1.0000 ...
  Cycle@K per-key: computed for 13 fields
  Macro avg:   10.33%
  Micro avg:   24.00%
  Bootstrap 95% CI (BCa, 10K iterations)...
  Prec@K:  24.00% ± 6.17
  mAP@K:   0.1556 ± 0.0505
  Cycle@K: 0.98% ± 0.05
  nDCG@K:  0.9576 ± 0.0077
  [0.4s]
Hard mode exclusion: 18 clips affected (avg 1.3 excluded neighbors)

==================================================
HARD MODE (k=6)
==================================================
  Cycle@K:     98.00%
  Overlap@K:   SKIPPED (< 100 clips)
  Silhouette:  -0.0218 (scene_type)
  Prec@K:      22.33%
  mAP@K:       0.1417
  nDCG@K:      0.9580
  Computing per-key breakdowns for 13 fields...
  Silhouette per-key: traffic_mix=0.0026, pedestrian_vehicle_separation=0.0021, road_encroachment=0.0021 ...
  Prec@K per-key: time_of_day=100.00%, crowd_density=100.00%, traffic_density=100.00% ...
  mAP@K per-key: time_of_day=1.0000, crowd_density=1.0000, traffic_density=1.0000 ...
  Cycle@K per-key: computed for 13 fields
  Macro avg:   9.65%
  Micro avg:   22.33%
  Bootstrap 95% CI (BCa, 10K iterations)...
  Prec@K:  22.33% ± 5.83
  mAP@K:   0.1417 ± 0.0493
  Cycle@K: 0.98% ± 0.05
  nDCG@K:  0.9580 ± 0.0077
  [0.0s]

Confidence sweep: 7 thresholds

Saved: /workspace/factorjepa/outputs/sanity/m06_metrics_random.json
Saved: /workspace/factorjepa/outputs/sanity/knn_indices_random.npy ((50, 7))
Saved: /workspace/factorjepa/outputs/sanity/m06_distance_hist.png
Saved: /workspace/factorjepa/outputs/sanity/m06_confidence_sweep.png
Saved: /workspace/factorjepa/outputs/sanity/m06_purity_all_keys.png
Saved: /workspace/factorjepa/outputs/sanity/m06_silhouette_per_key.png
Saved: /workspace/factorjepa/outputs/sanity/m06_map_per_key.png
Saved: /workspace/factorjepa/outputs/sanity/m06_cycle_per_key.png
Saved: /workspace/factorjepa/outputs/sanity/m06_map_per_value.png
Saved: /workspace/factorjepa/outputs/sanity/m06_metrics_by_key.png
Saved: /workspace/factorjepa/outputs/sanity/m06_radar.png

============================================================
                     EVALUATION SUMMARY                     
============================================================
Metric                     Easy       Hard
------------------------------------------
  Cycle At K              98.00      98.00
  Overlap At K              N/A        N/A
  Silhouette            -0.0218    -0.0218
  Prec At K               24.00      22.33
  Map At K               0.1556     0.1417
  Ndcg At K              0.9576     0.9580

  Macro Prec@K:  Easy=10.33%  Hard=9.65%
  Micro Prec@K:  Easy=24.00%  Hard=22.33%
