Encoder: vjepa (dim=1408, suffix='')
Output: /workspace/factorjepa/outputs/sanity
Motion features: (64, 13)
Embeddings: (64, 1408)
kNN indices: (64, 7)
Aligned: 64 clips (emb=64, motion=64)

Computing Spearman correlation (+ bootstrap 95% CI)...
  Spearman rho = 0.4877 ± 0.0046 (p = 0.00e+00, 98,475 pairs)

Computing Temporal Prec@K (k=6, + bootstrap 95% CI)...
  Temporal Prec@K = 43.8% ± 7.0

Computing Motion Retrieval mAP (k=6, clusters=4, + bootstrap 95% CI)...
  Motion Retrieval mAP = 0.7836 ± 0.0765

Computing Temporal Order Sensitivity...
  Order sensitivity: mean=32.61, median=32.24 (64 clips)

Computing Temporal Locality...
  Intra-video dist: 37.9396
  Inter-video dist: 43.4342
  Ratio (lower=better): 0.8735 (5 videos)

Saved: /workspace/factorjepa/outputs/sanity/m06b_temporal_corr.json

============================================================
m06b TEMPORAL CORRELATION — vjepa
============================================================
  Spearman rho:          0.4877 ± 0.0046
  Temporal Prec@K:       43.8% ± 7.0
  Motion Retrieval mAP:  0.7836 ± 0.0765
  Order Sensitivity:     32.61 (mean L2)
  Temporal Locality:     0.8735 (intra/inter ratio)
  Clips aligned:         64
  Compute time:          12.9s
============================================================
