Encoder: vjepa_shuffled (dim=1408, suffix='_vjepa_shuffled')
Output: /workspace/factorjepa/outputs/sanity
Motion features: (56, 13)
Embeddings: (50, 1408)
kNN indices: (50, 7)
Aligned: 50 clips (emb=50, motion=56)

Computing Spearman correlation (+ bootstrap 95% CI)...
  Spearman rho = 0.6078 ± 0.0036 (p = 0.00e+00, 98,026 pairs)

Computing Temporal Prec@K (k=6, + bootstrap 95% CI)...
  Temporal Prec@K = 39.0% ± 6.7

Computing Motion Retrieval mAP (k=6, clusters=4, + bootstrap 95% CI)...
  Motion Retrieval mAP = 0.8311 ± 0.0855

Computing Temporal Order Sensitivity...
  Order sensitivity: mean=32.62, median=32.96 (50 clips)

Computing Temporal Locality...
  Intra-video dist: 33.0815
  Inter-video dist: 40.5228
  Ratio (lower=better): 0.8164 (4 videos)

Saved: /workspace/factorjepa/outputs/sanity/m06b_temporal_corr_vjepa_shuffled.json

============================================================
m06b TEMPORAL CORRELATION — vjepa_shuffled
============================================================
  Spearman rho:          0.6078 ± 0.0036
  Temporal Prec@K:       39.0% ± 6.7
  Motion Retrieval mAP:  0.8311 ± 0.0855
  Order Sensitivity:     32.62 (mean L2)
  Temporal Locality:     0.8164 (intra/inter ratio)
  Clips aligned:         50
  Compute time:          17.7s
============================================================
