Encoder: random (dim=1408, suffix='_random')
Output: /workspace/factorjepa/outputs/sanity
Motion features: (64, 13)
Embeddings: (64, 1408)
kNN indices: (64, 7)
Aligned: 64 clips (emb=64, motion=64)

Computing Spearman correlation (+ bootstrap 95% CI)...
  Spearman rho = 0.0075 ± 0.0062 (p = 1.90e-02, 98,475 pairs)

Computing Temporal Prec@K (k=6, + bootstrap 95% CI)...
  Temporal Prec@K = 24.2% ± 3.8

Computing Motion Retrieval mAP (k=6, clusters=4, + bootstrap 95% CI)...
  Motion Retrieval mAP = 0.5386 ± 0.0651

Computing Temporal Locality...
  Intra-video dist: 1.4116
  Inter-video dist: 1.4149
  Ratio (lower=better): 0.9977 (5 videos)

Saved: /workspace/factorjepa/outputs/sanity/m06b_temporal_corr_random.json

============================================================
m06b TEMPORAL CORRELATION — random
============================================================
  Spearman rho:          0.0075 ± 0.0062
  Temporal Prec@K:       24.2% ± 3.8
  Motion Retrieval mAP:  0.5386 ± 0.0651
  Temporal Locality:     0.9977 (intra/inter ratio)
  Clips aligned:         64
  Compute time:          12.9s
============================================================
