Output dir: /workspace/factorjepa/outputs/sanity
[output_guard] m08 vjepa_shuffled: attempting HF download for 2 missing file(s)...
Downloading anonymousML123/factorjepa-outputs//workspace/factorjepa/outputs/sanity/ → /workspace/factorjepa/outputs/sanity
Download complete: 0s
[output_guard] m08 vjepa_shuffled: 2 file(s) still missing after HF download
[output_guard] m08 vjepa_shuffled: outputs missing or invalid — will re-compute
  MISS  umap_plot: m08_umap_vjepa_shuffled.png
  MISS  confusion_matrix: m08_confusion_matrix_vjepa_shuffled.png
Encoder: vjepa_shuffled (suffix='_vjepa_shuffled')
SANITY MODE: 64 clips
Loaded: 64 clips
Loaded m06 metrics: m06_metrics_vjepa_shuffled.json
Taxonomy keys for plots: ['scene_type', 'time_of_day', 'weather', 'crowd_density', 'traffic_density', 'traffic_mix', 'pedestrian_vehicle_separation', 'road_surface', 'infrastructure_quality', 'road_encroachment', 'vegetation', 'lighting', 'video_quality']
Saved: /workspace/factorjepa/outputs/sanity/m08_umap_vjepa_shuffled.png
Saved: /workspace/factorjepa/outputs/sanity/m08_umap_vjepa_shuffled_time_of_day.png
Saved: /workspace/factorjepa/outputs/sanity/m08_umap_vjepa_shuffled_weather.png
Saved: /workspace/factorjepa/outputs/sanity/m08_umap_vjepa_shuffled_crowd_density.png
Saved: /workspace/factorjepa/outputs/sanity/m08_umap_vjepa_shuffled_traffic_density.png
Saved: /workspace/factorjepa/outputs/sanity/m08_umap_vjepa_shuffled_traffic_mix.png
Saved: /workspace/factorjepa/outputs/sanity/m08_umap_vjepa_shuffled_pedestrian_vehicle_separation.png
Saved: /workspace/factorjepa/outputs/sanity/m08_umap_vjepa_shuffled_road_surface.png
Saved: /workspace/factorjepa/outputs/sanity/m08_umap_vjepa_shuffled_infrastructure_quality.png
Saved: /workspace/factorjepa/outputs/sanity/m08_umap_vjepa_shuffled_road_encroachment.png
Saved: /workspace/factorjepa/outputs/sanity/m08_umap_vjepa_shuffled_vegetation.png
Saved: /workspace/factorjepa/outputs/sanity/m08_umap_vjepa_shuffled_lighting.png
Saved: /workspace/factorjepa/outputs/sanity/m08_umap_vjepa_shuffled_video_quality.png
Saved: /workspace/factorjepa/outputs/sanity/m08_umap_grid_vjepa_shuffled.png
Saved: /workspace/factorjepa/outputs/sanity/m08_confusion_matrix_vjepa_shuffled.png

Per-class retrieval accuracy:
  beach_coastal: 66.1%
  commercial: 11.1%
  ghat: 0.0%
  heritage_tourist: 19.0%
  junction: 16.7%
  market: 0.0%
  promenade: 58.9%
  residential_lane: 9.5%
Saved: /workspace/factorjepa/outputs/sanity/m08_confusion_matrix_vjepa_shuffled_time_of_day.png
Saved: /workspace/factorjepa/outputs/sanity/m08_confusion_matrix_vjepa_shuffled_weather.png
Saved: /workspace/factorjepa/outputs/sanity/m08_confusion_matrix_vjepa_shuffled_crowd_density.png
Saved: /workspace/factorjepa/outputs/sanity/m08_confusion_matrix_vjepa_shuffled_traffic_density.png
Saved: /workspace/factorjepa/outputs/sanity/m08_confusion_matrix_vjepa_shuffled_traffic_mix.png
Saved: /workspace/factorjepa/outputs/sanity/m08_confusion_matrix_vjepa_shuffled_pedestrian_vehicle_separation.png
Saved: /workspace/factorjepa/outputs/sanity/m08_confusion_matrix_vjepa_shuffled_road_surface.png
Saved: /workspace/factorjepa/outputs/sanity/m08_confusion_matrix_vjepa_shuffled_infrastructure_quality.png
Saved: /workspace/factorjepa/outputs/sanity/m08_confusion_matrix_vjepa_shuffled_road_encroachment.png
Saved: /workspace/factorjepa/outputs/sanity/m08_confusion_matrix_vjepa_shuffled_vegetation.png
Saved: /workspace/factorjepa/outputs/sanity/m08_confusion_matrix_vjepa_shuffled_lighting.png
Saved: /workspace/factorjepa/outputs/sanity/m08_confusion_matrix_vjepa_shuffled_video_quality.png
Saved: /workspace/factorjepa/outputs/sanity/m08_confusion_matrix_grid_vjepa_shuffled.png
Saved: /workspace/factorjepa/outputs/sanity/m08_knn_grid_vjepa_shuffled.png

=== MACRO/MICRO REPORTING ===

EASY mode:
  Macro Prec@K: 22.66%
  Micro Prec@K: 46.87%
  Cycle At K: 81.25
  Prec At K: 46.88
  Silhouette: -0.2069
  Map At K: 0.4299
  Ndcg At K: 0.9677

HARD mode:
  Macro Prec@K: 21.6%
  Micro Prec@K: 44.27%
  Cycle At K: 81.25
  Prec At K: 44.27
  Silhouette: -0.2069
  Map At K: 0.4025
  Ndcg At K: 0.9684

=== VISUALIZATION COMPLETE ===
Outputs in: /workspace/factorjepa/outputs/sanity
