Output dir: /workspace/factorjepa/outputs/sanity
[output_guard] m08 random: attempting HF download for 2 missing file(s)...
Downloading anonymousML123/factorjepa-outputs//workspace/factorjepa/outputs/sanity/ → /workspace/factorjepa/outputs/sanity
Download complete: 0s
[output_guard] m08 random: 2 file(s) still missing after HF download
[output_guard] m08 random: outputs missing or invalid — will re-compute
  MISS  umap_plot: m08_umap_random.png
  MISS  confusion_matrix: m08_confusion_matrix_random.png
Encoder: random (suffix='_random')
SANITY MODE: 64 clips
Loaded: 64 clips
Loaded m06 metrics: m06_metrics_random.json
Taxonomy keys for plots: ['scene_type', 'time_of_day', 'weather', 'crowd_density', 'traffic_density', 'traffic_mix', 'pedestrian_vehicle_separation', 'road_surface', 'infrastructure_quality', 'road_encroachment', 'vegetation', 'lighting', 'video_quality']
Saved: /workspace/factorjepa/outputs/sanity/m08_umap_random.png
Saved: /workspace/factorjepa/outputs/sanity/m08_umap_random_time_of_day.png
Saved: /workspace/factorjepa/outputs/sanity/m08_umap_random_weather.png
Saved: /workspace/factorjepa/outputs/sanity/m08_umap_random_crowd_density.png
Saved: /workspace/factorjepa/outputs/sanity/m08_umap_random_traffic_density.png
Saved: /workspace/factorjepa/outputs/sanity/m08_umap_random_traffic_mix.png
Saved: /workspace/factorjepa/outputs/sanity/m08_umap_random_pedestrian_vehicle_separation.png
Saved: /workspace/factorjepa/outputs/sanity/m08_umap_random_road_surface.png
Saved: /workspace/factorjepa/outputs/sanity/m08_umap_random_infrastructure_quality.png
Saved: /workspace/factorjepa/outputs/sanity/m08_umap_random_road_encroachment.png
Saved: /workspace/factorjepa/outputs/sanity/m08_umap_random_vegetation.png
Saved: /workspace/factorjepa/outputs/sanity/m08_umap_random_lighting.png
Saved: /workspace/factorjepa/outputs/sanity/m08_umap_random_video_quality.png
Saved: /workspace/factorjepa/outputs/sanity/m08_umap_grid_random.png
Saved: /workspace/factorjepa/outputs/sanity/m08_confusion_matrix_random.png

Per-class retrieval accuracy:
  beach_coastal: 32.1%
  commercial: 0.0%
  ghat: 0.0%
  heritage_tourist: 0.0%
  junction: 0.0%
  market: 0.0%
  promenade: 24.4%
  residential_lane: 9.5%
Saved: /workspace/factorjepa/outputs/sanity/m08_confusion_matrix_random_time_of_day.png
Saved: /workspace/factorjepa/outputs/sanity/m08_confusion_matrix_random_weather.png
Saved: /workspace/factorjepa/outputs/sanity/m08_confusion_matrix_random_crowd_density.png
Saved: /workspace/factorjepa/outputs/sanity/m08_confusion_matrix_random_traffic_density.png
Saved: /workspace/factorjepa/outputs/sanity/m08_confusion_matrix_random_traffic_mix.png
Saved: /workspace/factorjepa/outputs/sanity/m08_confusion_matrix_random_pedestrian_vehicle_separation.png
Saved: /workspace/factorjepa/outputs/sanity/m08_confusion_matrix_random_road_surface.png
Saved: /workspace/factorjepa/outputs/sanity/m08_confusion_matrix_random_infrastructure_quality.png
Saved: /workspace/factorjepa/outputs/sanity/m08_confusion_matrix_random_road_encroachment.png
Saved: /workspace/factorjepa/outputs/sanity/m08_confusion_matrix_random_vegetation.png
Saved: /workspace/factorjepa/outputs/sanity/m08_confusion_matrix_random_lighting.png
Saved: /workspace/factorjepa/outputs/sanity/m08_confusion_matrix_random_video_quality.png
Saved: /workspace/factorjepa/outputs/sanity/m08_confusion_matrix_grid_random.png
Saved: /workspace/factorjepa/outputs/sanity/m08_knn_grid_random.png

=== MACRO/MICRO REPORTING ===

EASY mode:
  Macro Prec@K: 8.26%
  Micro Prec@K: 20.83%
  Cycle At K: 100.0
  Prec At K: 20.83
  Silhouette: -0.0282
  Map At K: 0.1271
  Ndcg At K: 0.9448

HARD mode:
  Macro Prec@K: 7.9%
  Micro Prec@K: 19.79%
  Cycle At K: 100.0
  Prec At K: 19.79
  Silhouette: -0.0282
  Map At K: 0.1193
  Ndcg At K: 0.9466

=== VISUALIZATION COMPLETE ===
Outputs in: /workspace/factorjepa/outputs/sanity
