Output dir: /workspace/factorjepa/outputs/sanity
[output_guard] m08 dinov2: attempting HF download for 2 missing file(s)...
Downloading anonymousML123/factorjepa-outputs//workspace/factorjepa/outputs/sanity/ → /workspace/factorjepa/outputs/sanity
Download complete: 0s
[output_guard] m08 dinov2: 2 file(s) still missing after HF download
[output_guard] m08 dinov2: outputs missing or invalid — will re-compute
  MISS  umap_plot: m08_umap_dinov2.png
  MISS  confusion_matrix: m08_confusion_matrix_dinov2.png
Encoder: dinov2 (suffix='_dinov2')
SANITY MODE: 64 clips
Loaded: 64 clips
Loaded m06 metrics: m06_metrics_dinov2.json
Taxonomy keys for plots: ['scene_type', 'time_of_day', 'weather', 'crowd_density', 'traffic_density', 'traffic_mix', 'pedestrian_vehicle_separation', 'road_surface', 'infrastructure_quality', 'road_encroachment', 'vegetation', 'lighting', 'video_quality']
Saved: /workspace/factorjepa/outputs/sanity/m08_umap_dinov2.png
Saved: /workspace/factorjepa/outputs/sanity/m08_umap_dinov2_time_of_day.png
Saved: /workspace/factorjepa/outputs/sanity/m08_umap_dinov2_weather.png
Saved: /workspace/factorjepa/outputs/sanity/m08_umap_dinov2_crowd_density.png
Saved: /workspace/factorjepa/outputs/sanity/m08_umap_dinov2_traffic_density.png
Saved: /workspace/factorjepa/outputs/sanity/m08_umap_dinov2_traffic_mix.png
Saved: /workspace/factorjepa/outputs/sanity/m08_umap_dinov2_pedestrian_vehicle_separation.png
Saved: /workspace/factorjepa/outputs/sanity/m08_umap_dinov2_road_surface.png
Saved: /workspace/factorjepa/outputs/sanity/m08_umap_dinov2_infrastructure_quality.png
Saved: /workspace/factorjepa/outputs/sanity/m08_umap_dinov2_road_encroachment.png
Saved: /workspace/factorjepa/outputs/sanity/m08_umap_dinov2_vegetation.png
Saved: /workspace/factorjepa/outputs/sanity/m08_umap_dinov2_lighting.png
Saved: /workspace/factorjepa/outputs/sanity/m08_umap_dinov2_video_quality.png
Saved: /workspace/factorjepa/outputs/sanity/m08_umap_grid_dinov2.png
Saved: /workspace/factorjepa/outputs/sanity/m08_confusion_matrix_dinov2.png

Per-class retrieval accuracy:
  beach_coastal: 45.2%
  commercial: 11.1%
  ghat: 0.0%
  heritage_tourist: 19.0%
  junction: 0.0%
  market: 0.0%
  promenade: 13.3%
  residential_lane: 0.0%
Saved: /workspace/factorjepa/outputs/sanity/m08_confusion_matrix_dinov2_time_of_day.png
Saved: /workspace/factorjepa/outputs/sanity/m08_confusion_matrix_dinov2_weather.png
Saved: /workspace/factorjepa/outputs/sanity/m08_confusion_matrix_dinov2_crowd_density.png
Saved: /workspace/factorjepa/outputs/sanity/m08_confusion_matrix_dinov2_traffic_density.png
Saved: /workspace/factorjepa/outputs/sanity/m08_confusion_matrix_dinov2_traffic_mix.png
Saved: /workspace/factorjepa/outputs/sanity/m08_confusion_matrix_dinov2_pedestrian_vehicle_separation.png
Saved: /workspace/factorjepa/outputs/sanity/m08_confusion_matrix_dinov2_road_surface.png
Saved: /workspace/factorjepa/outputs/sanity/m08_confusion_matrix_dinov2_infrastructure_quality.png
Saved: /workspace/factorjepa/outputs/sanity/m08_confusion_matrix_dinov2_road_encroachment.png
Saved: /workspace/factorjepa/outputs/sanity/m08_confusion_matrix_dinov2_vegetation.png
Saved: /workspace/factorjepa/outputs/sanity/m08_confusion_matrix_dinov2_lighting.png
Saved: /workspace/factorjepa/outputs/sanity/m08_confusion_matrix_dinov2_video_quality.png
Saved: /workspace/factorjepa/outputs/sanity/m08_confusion_matrix_grid_dinov2.png
Saved: /workspace/factorjepa/outputs/sanity/m08_knn_grid_dinov2.png

=== MACRO/MICRO REPORTING ===

EASY mode:
  Macro Prec@K: 11.09%
  Micro Prec@K: 25.52%
  Cycle At K: 71.88
  Prec At K: 25.52
  Silhouette: -0.3042
  Map At K: 0.1622
  Ndcg At K: 0.9422

HARD mode:
  Macro Prec@K: 9.32%
  Micro Prec@K: 25.0%
  Cycle At K: 70.31
  Prec At K: 25.0
  Silhouette: -0.3042
  Map At K: 0.151
  Ndcg At K: 0.9406

=== VISUALIZATION COMPLETE ===
Outputs in: /workspace/factorjepa/outputs/sanity
