/workspace/factorjepa/venv_walkindia/lib/python3.12/site-packages/timm/models/layers/__init__.py:49: FutureWarning: Importing from timm.models.layers is deprecated, please import via timm.layers
  warnings.warn(f"Importing from {__name__} is deprecated, please import via timm.layers", FutureWarning)
GPU: NVIDIA RTX PRO 6000 Blackwell Workstation Edition (95.0 GB)
Config: ViT-g (1B), 384px, 16f, bf16
Token grid: 24x24x8 = 4608 tokens

============================================================
Run 1: WITHOUT gradient checkpointing
============================================================
Student: 1.01B params
Teacher: 1.01B params (frozen)
Predictor: 22.4M params

 Batch   Peak VRAM     Visible    Status     Time
-------------------------------------------------------
/venv/main/lib/python3.12/contextlib.py:105: FutureWarning: `torch.backends.cuda.sdp_kernel()` is deprecated. In the future, this context manager will be removed. Please see `torch.nn.attention.sdpa_kernel()` for the new context manager, with updated signature.
  self.gen = func(*args, **kwds)
     1       20.3G  [1992, 960]        OK     0.9s
     2       29.5G  [1888, 912]        OK     0.9s
     4       41.6G  [1584, 624]        OK     1.2s
     8       68.9G  [1504, 512]        OK     1.9s
    16         OOM           —    FAILED

============================================================
Run 2: WITH gradient checkpointing
============================================================
 Batch   Peak VRAM     Visible    Status     Time
-------------------------------------------------------
     1       12.0G  [1536, 576]        OK     0.9s
     2       12.2G  [1312, 1152]        OK     0.9s
     4       12.6G  [1384, 792]        OK     1.1s
     8       14.1G  [1224, 384]        OK     1.6s
    16       18.6G  [1184, 464]        OK     3.0s
    32       26.7G  [1296, 384]        OK     6.2s
    48       34.1G  [1072, 384]        OK     8.9s
    64       43.0G  [1136, 352]        OK    12.3s
    80       50.7G  [1192, 192]        OK    15.2s
    96       55.2G  [856, 192]        OK    16.4s
   112       62.5G  [1024, 112]        OK    19.3s
   128       73.1G  [968, 192]        OK    22.7s
   136       76.7G  [960, 192]        OK    24.1s
   144       84.3G  [1160, 192]        OK    27.4s
   148       81.9G  [976, 192]        OK    26.4s
   152       79.2G  [856, 112]        OK    25.3s
   156       79.3G  [720, 112]        OK    25.0s
   160         OOM           —    FAILED

============================================================
SUMMARY
============================================================
GPU: NVIDIA RTX PRO 6000 Blackwell Workstation Edition (95.0 GB)

Max batch (no grad ckpt):   8  (68.9G peak)
Max batch (grad ckpt):      156  (79.3G peak)

Recommended for m09_pretrain.py:
  batch_size: 16  (with gradient checkpointing)
  [1/5] Saved plot1_batch_scaling.png
  [2/5] Saved plot2_ckpt_savings.png
  [3/5] Saved plot3_breakdown.png
  [4/5] Saved plot4_waterfall.png
  [5/5] Saved plot5_masking_effect.png

All plots saved to /workspace/factorjepa/outputs/profile/
