/workspace/factorjepa/venv_walkindia/lib/python3.12/site-packages/timm/models/layers/__init__.py:49: FutureWarning: Importing from timm.models.layers is deprecated, please import via timm.layers
  warnings.warn(f"Importing from {__name__} is deprecated, please import via timm.layers", FutureWarning)
GPU: NVIDIA RTX PRO 6000 Blackwell Workstation Edition (95.0 GB)
=== INFERENCE PROFILING (REAL video data + torch.compile) ===

Loading 256 real video clips from data/full_local...
Using PyAV for video decoding
Real batch shape: torch.Size([256, 16, 3, 384, 384]) (dtype=torch.float32)
Student: 1.01B params (float16), torch.compile=ON
Warming up torch.compile with real data (first batch = compilation)...
/venv/main/lib/python3.12/contextlib.py:105: FutureWarning: `torch.backends.cuda.sdp_kernel()` is deprecated. In the future, this context manager will be removed. Please see `torch.nn.attention.sdpa_kernel()` for the new context manager, with updated signature.
  self.gen = func(*args, **kwds)
/venv/main/lib/python3.12/contextlib.py:105: FutureWarning: `torch.backends.cuda.sdp_kernel()` is deprecated. In the future, this context manager will be removed. Please see `torch.nn.attention.sdpa_kernel()` for the new context manager, with updated signature.
  self.gen = func(*args, **kwds)
Warmup done — inductor graph cached, now profiling real throughput

 Batch   Peak VRAM    Status     Time
--------------------------------------------------
     8        3.2G        OK     0.5s   16.2 clip/s
    16        4.4G        OK     1.1s   14.8 clip/s
    24        5.7G        OK     1.6s   14.8 clip/s
    32        7.0G        OK     2.2s   14.7 clip/s
    40        8.2G        OK     2.7s   14.6 clip/s
    48        9.5G        OK     3.3s   14.4 clip/s
    56       10.8G        OK     3.9s   14.4 clip/s
    64       12.0G        OK     4.5s   14.3 clip/s
    72       13.3G        OK     5.0s   14.3 clip/s
    80       14.6G        OK     5.6s   14.2 clip/s
    88       15.8G        OK     6.2s   14.2 clip/s
    96       17.1G        OK     6.8s   14.1 clip/s
   104       18.4G        OK     7.4s   14.1 clip/s
   112       19.6G        OK     8.0s   14.1 clip/s
   120       20.9G        OK     8.8s   13.6 clip/s
   128       22.2G        OK     9.4s   13.6 clip/s
   144       24.7G        OK    10.5s   13.7 clip/s
   160       27.2G        OK    11.7s   13.7 clip/s
   176       29.8G        OK    11.6s   15.2 clip/s
   192       32.3G        OK    12.6s   15.2 clip/s
   208       34.8G        OK    13.7s   15.2 clip/s
   224       37.4G        OK    14.8s   15.1 clip/s
   240       39.9G        OK    16.6s   14.5 clip/s
   256       42.4G        OK    17.7s   14.4 clip/s

=== INFERENCE PROFILING RESULTS ===
  Optimal BS (max throughput): 224
  Peak VRAM at BS=224: 37.4G / 95G
  Throughput at BS=224: 15.1 clips/s
  Saved: /workspace/factorjepa/outputs/profile/inference/vjepa2/profile_data.json
  Saved: /workspace/factorjepa/outputs/profile/inference/vjepa2/plot_inference_profile.png + .pdf
