/workspace/factorjepa/venv_walkindia/lib/python3.12/site-packages/timm/models/layers/__init__.py:49: FutureWarning: Importing from timm.models.layers is deprecated, please import via timm.layers
  warnings.warn(f"Importing from {__name__} is deprecated, please import via timm.layers", FutureWarning)
GPU: NVIDIA RTX PRO 6000 Blackwell Workstation Edition (95.0 GB)
Config: ViT-g (1B), 384px, 16f, bf16
Token grid: 24x24x8 = 4608 tokens

Loading 256 real video clips from data/full_local...
Using PyAV for video decoding
Real batch: torch.Size([256, 16, 3, 384, 384])
============================================================
Run 1: WITHOUT gradient checkpointing
============================================================
Student: 1.01B params
Teacher: 1.01B params (frozen)
Predictor: 22.4M params

 Batch   Peak VRAM     Visible    Status     Time
-------------------------------------------------------
/venv/main/lib/python3.12/contextlib.py:105: FutureWarning: `torch.backends.cuda.sdp_kernel()` is deprecated. In the future, this context manager will be removed. Please see `torch.nn.attention.sdpa_kernel()` for the new context manager, with updated signature.
  self.gen = func(*args, **kwds)
     1       20.4G  [2056, 1128]        OK     0.6s
     2       26.8G  [1464, 960]        OK     0.7s
     4       40.9G  [1584, 576]        OK     1.0s
     8       56.6G  [1320, 192]        OK     1.7s
    16         OOM           —    FAILED

============================================================
Run 2: WITH gradient checkpointing
============================================================
 Batch   Peak VRAM     Visible    Status     Time
-------------------------------------------------------
     1       11.8G  [1856, 928]        OK     0.7s
     2       12.1G  [1864, 480]        OK     0.7s
     4       12.3G  [1208, 992]        OK     1.0s
     8       14.4G  [1464, 624]        OK     1.7s
    16       18.3G  [1336, 272]        OK     3.0s
    32       26.8G  [1256, 352]        OK     6.2s
    48       35.0G  [1192, 352]        OK     9.3s
    64       41.0G  [1096, 96]        OK    11.8s
    80       50.2G  [952, 320]        OK    15.2s
    96       58.2G  [1112, 256]        OK    18.4s
   112       67.5G  [1096, 272]        OK    20.3s
   128       75.8G  [1080, 240]        OK    25.1s
   136       75.1G  [776, 352]        OK    24.8s
   144       80.6G  [1024, 192]        OK    27.2s
   148       71.0G  [560, 112]        OK    25.2s
   152       79.8G  [816, 192]        OK    27.8s
   156       81.9G  [752, 240]        OK    29.3s
   160       89.3G  [1000, 240]        OK    28.3s
   192         OOM           —    FAILED

============================================================
SUMMARY
============================================================
GPU: NVIDIA RTX PRO 6000 Blackwell Workstation Edition (95.0 GB)

Max batch (no grad ckpt):   8  (56.6G peak)
Max batch (grad ckpt):      160  (89.3G peak)

Recommended for m09_pretrain.py:
  batch_size: 16  (with gradient checkpointing)
  [1/5] Saved plot1_batch_scaling.png
  [2/5] Saved plot2_ckpt_savings.png
  [3/5] Saved plot3_breakdown.png
  [4/5] Saved plot4_waterfall.png
  [5/5] Saved plot5_masking_effect.png

All plots saved to /workspace/factorjepa/outputs/profile/training/
  Saved: /workspace/factorjepa/outputs/profile/training/plot_training_profile_no_ckpt.png + .pdf
  Saved: /workspace/factorjepa/outputs/profile/training/plot_training_profile_grad_ckpt.png + .pdf
